[00:28:34] [ServerMain/INFO]: [bootstrap] Running Java 21 (OpenJDK 64-Bit Server VM 21.0.7+6-Ubuntu-0ubuntu124.04; Ubuntu null) on Linux 6.8.0-1027-azure (amd64)
[00:28:34] [ServerMain/INFO]: [bootstrap] Loading Paper 1.21.8-6-main@782ce95 (2025-07-18T20:26:58Z) for Minecraft 1.21.8
[00:28:35] [ServerMain/INFO]: [PluginInitializerManager] Initializing plugins...
[00:28:35] [Paper Plugin Remapper Thread - 2/INFO]: [PluginRemapper] Remapping plugin 'plugins/SkinsRestorer.jar'...
[00:28:37] [Paper Plugin Remapper Thread - 2/INFO]: [PluginRemapper] Done remapping plugin 'plugins/SkinsRestorer.jar' in 2181ms.
[00:28:37] [ServerMain/INFO]: [PluginInitializerManager] Initialized 1 plugin
[00:28:37] [ServerMain/INFO]: [PluginInitializerManager] Bukkit plugins (1):
 - SkinsRestorer (15.7.7)
[00:28:43] [ServerMain/INFO]: Environment: Environment[sessionHost=https://sessionserver.mojang.com, servicesHost=https://api.minecraftservices.com, name=PROD]
[00:28:45] [ServerMain/INFO]: Loaded 1407 recipes
[00:28:45] [ServerMain/INFO]: Loaded 1520 advancements
[00:28:45] [ServerMain/INFO]: [ca.spottedleaf.dataconverter.minecraft.datatypes.MCTypeRegistry] Initialising converters for DataConverter...
[00:28:45] [ServerMain/INFO]: [ca.spottedleaf.dataconverter.minecraft.datatypes.MCTypeRegistry] Finished initialising converters for DataConverter in 477.6ms
[00:28:45] [Server thread/INFO]: Starting minecraft server version 1.21.8
[00:28:45] [Server thread/INFO]: Loading properties
[00:28:45] [Server thread/INFO]: This server is running Paper version 1.21.8-6-main@782ce95 (2025-07-18T20:26:58Z) (Implementing API version 1.21.8-R0.1-SNAPSHOT)
[00:28:45] [Server thread/INFO]: [spark] This server bundles the spark profiler. For more information please visit https://docs.papermc.io/paper/profiling
[00:28:46] [Server thread/INFO]: Server Ping Player Sample Count: 12
[00:28:46] [Server thread/INFO]: Using 4 threads for Netty based IO
[00:28:46] [Server thread/INFO]: [MoonriseCommon] Paper is using 1 worker threads, 1 I/O threads
[00:28:46] [Server thread/INFO]: [ChunkTaskScheduler] Chunk system is using population gen parallelism: true
[00:28:47] [Server thread/INFO]: Default game type: SURVIVAL
[00:28:47] [Server thread/INFO]: Generating keypair
[00:28:47] [Server thread/INFO]: Starting Minecraft server on *:25565
[00:28:47] [Server thread/INFO]: Using epoll channel type
[00:28:47] [Server thread/INFO]: Paper: Using libdeflate (Linux x86_64) compression from Velocity.
[00:28:47] [Server thread/INFO]: Paper: Using OpenSSL 3.x.x (Linux x86_64) cipher from Velocity.
[00:28:47] [Server thread/INFO]: [SkinsRestorer] Loading server plugin SkinsRestorer v15.7.7
[00:28:47] [Server thread/INFO]: Server permissions file permissions.yml is empty, ignoring it
[00:28:47] [Server thread/INFO]: [SkinsRestorer] Enabling SkinsRestorer v15.7.7
[00:28:48] [Server thread/INFO]: [SkinsRestorer] Running on Minecraft 1.21.8.
[00:28:49] [Server thread/INFO]: [SkinsRestorer] Using paper join listener!
[00:28:49] [Server thread/WARN]: **** SERVER IS RUNNING IN OFFLINE/INSECURE MODE!
[00:28:49] [Server thread/WARN]: The server will make no attempt to authenticate usernames. Beware.
[00:28:49] [Server thread/WARN]: While this makes the game possible to play without internet access, it also opens up the ability for hackers to connect with any username they choose.
[00:28:49] [Server thread/WARN]: To change this, set "online-mode" to "true" in the server.properties file.
[00:28:49] [Server thread/INFO]: Preparing level "world"
[00:28:49] [Folia Async Scheduler Thread #2/INFO]: [SkinsRestorer] ----------------------------------------------
[00:28:49] [Folia Async Scheduler Thread #2/INFO]: [SkinsRestorer]     +==================+
[00:28:49] [Folia Async Scheduler Thread #2/INFO]: [SkinsRestorer]     |   SkinsRestorer  |
[00:28:49] [Folia Async Scheduler Thread #2/INFO]: [SkinsRestorer]     |------------------|
[00:28:49] [Folia Async Scheduler Thread #2/INFO]: [SkinsRestorer]     |  Standalone Mode |
[00:28:49] [Folia Async Scheduler Thread #2/INFO]: [SkinsRestorer]     +==================+
[00:28:49] [Folia Async Scheduler Thread #2/INFO]: [SkinsRestorer] ----------------------------------------------
[00:28:49] [Folia Async Scheduler Thread #2/INFO]: [SkinsRestorer]     Version: 15.7.7
[00:28:49] [Folia Async Scheduler Thread #2/INFO]: [SkinsRestorer]     Commit: 7eff058
[00:28:49] [Folia Async Scheduler Thread #2/INFO]: [SkinsRestorer]     This is the latest version!
[00:28:49] [Folia Async Scheduler Thread #2/INFO]: [SkinsRestorer] ----------------------------------------------
[00:28:49] [Folia Async Scheduler Thread #2/INFO]: [SkinsRestorer] Do you have issues? Read our troubleshooting guide: https://skinsrestorer.net/docs/troubleshooting
[00:28:49] [Folia Async Scheduler Thread #2/INFO]: [SkinsRestorer] Want to support SkinsRestorer? Consider donating: https://skinsrestorer.net/donate
[00:28:49] [Server thread/INFO]: Preparing start region for dimension minecraft:overworld
[00:28:50] [Server thread/INFO]: Preparing spawn area: 0%
[00:28:50] [Server thread/INFO]: Preparing spawn area: 2%
[00:28:50] [Server thread/INFO]: Preparing spawn area: 16%
[00:28:50] [Server thread/INFO]: Time elapsed: 1056 ms
[00:28:50] [Server thread/INFO]: Preparing start region for dimension minecraft:the_nether
[00:28:51] [Server thread/INFO]: Preparing spawn area: 0%
[00:28:51] [Server thread/INFO]: Time elapsed: 260 ms
[00:28:51] [Server thread/INFO]: Preparing start region for dimension minecraft:the_end
[00:28:51] [Server thread/INFO]: Preparing spawn area: 0%
[00:28:51] [Server thread/INFO]: Time elapsed: 123 ms
[00:28:51] [Server thread/INFO]: [spark] Starting background profiler...
[00:28:51] [Server thread/INFO]: Done preparing level "world" (2.601s)
[00:28:51] [Server thread/INFO]: Running delayed init tasks
[00:28:51] [Server thread/INFO]: Done (17.827s)! For help, type "help"
[00:28:52] [Server thread/INFO]: Unknown or incomplete command, see below for error
home/codespace/.python/current/bin/python "/workspaces/Sagon/msx (1).py"<--[HERE]
[00:29:29] [User Authenticator #0/INFO]: UUID of player Santix15 is 1f8cbd0f-e34f-3631-ad78-ab523f2938ae
[00:29:29] [Server thread/INFO]: [HorriblePlayerLoginEventHack] You have plugins listening to the PlayerLoginEvent, this will cause re-configuration APIs to be unavailable: [SkinsRestorer]
[00:29:32] [Server thread/INFO]: Santix15 joined the game
[00:29:32] [Server thread/INFO]: Santix15[/127.19.82.212:46325] logged in with entity id 20 at ([world]37.5, 64.0, -13.5)
[00:30:27] [Server thread/INFO]: Set the time to 1000
[00:30:35] [Server thread/INFO]: Made Santix15 a server operator
[00:32:33] [Server thread/INFO]: Santix15 has made the advancement [Stone Age]
[00:36:16] [User Authenticator #1/INFO]: UUID of player lobo3224 is b7e5eca9-5a00-3da7-ac51-8f51ef42decc
[00:36:17] [Server thread/INFO]: lobo3224 joined the game
[00:36:17] [Server thread/INFO]: lobo3224[/127.93.121.237:43237] logged in with entity id 980 at ([world]40.5, 65.0, -17.5)
[00:36:22] [Server thread/INFO]: Santix15 has made the advancement [Getting an Upgrade]
